<?xml version="1.0" encoding="UTF-8"?>
<testsuite xmlns:xsi="http://www.w3.org/2001/XMLSchema-instance" xsi:noNamespaceSchemaLocation="https://maven.apache.org/surefire/maven-surefire-plugin/xsd/surefire-test-report.xsd" version="3.0.2" name="com.prices.comparator.price_comparator.PriceComparatorApplicationTests" time="3.506" tests="1" errors="0" skipped="0" failures="0">
  <properties>
[...]
</properties>
  <testcase name="contextLoads" classname="com.prices.comparator.price_comparator.PriceComparatorApplicationTests" time="1.068">
    <system-out><![CDATA[23:35:12.909 [main] INFO org.springframework.test.context.support.AnnotationConfigContextLoaderUtils -- Could not detect default configuration classes for test class [com.prices.comparator.price_comparator.PriceComparatorApplicationTests]: PriceComparatorApplicationTests does not declare any static, non-private, non-final, nested classes annotated with @Configuration.
23:35:13.067 [main] INFO org.springframework.boot.test.context.SpringBootTestContextBootstrapper -- Found @SpringBootConfiguration com.prices.comparator.price_comparator.PriceComparatorApplication for test class com.prices.comparator.price_comparator.PriceComparatorApplicationTests

  .   ____          _            __ _ _
 /\\ / ___'_ __ _ _(_)_ __  __ _ \ \ \ \
( ( )\___ | '_ | '_| | '_ \/ _` | \ \ \ \
 \\/  ___)| |_)| | | | | || (_| |  ) ) ) )
  '  |____| .__|_| |_|_| |_\__, | / / / /
 =========|_|==============|___/=/_/_/_/

 :: Spring Boot ::                (v3.4.1)

2025-01-02T23:35:13.633-05:00  INFO 18844 --- [price-comparator] [           main] c.p.c.p.PriceComparatorApplicationTests  : Starting PriceComparatorApplicationTests using Java 21.0.5 with PID 18844 (started by ricar in C:\Users\ricar\OneDrive\Escritorio\products-comparator)
2025-01-02T23:35:13.636-05:00  INFO 18844 --- [price-comparator] [           main] c.p.c.p.PriceComparatorApplicationTests  : No active profile set, falling back to 1 default profile: "default"
2025-01-02T23:35:15.097-05:00  INFO 18844 --- [price-comparator] [           main] c.p.c.p.PriceComparatorApplicationTests  : Started PriceComparatorApplicationTests in 1.817 seconds (process running for 3.138)
]]></system-out>
    <system-err><![CDATA[Mockito is currently self-attaching to enable the inline-mock-maker. This will no longer work in future releases of the JDK. Please add Mockito as an agent to your build what is described in Mockito's documentation: https://javadoc.io/doc/org.mockito/mockito-core/latest/org/mockito/Mockito.html#0.3
WARNING: A Java agent has been loaded dynamically (C:\Users\ricar\.m2\repository\net\bytebuddy\byte-buddy-agent\1.15.11\byte-buddy-agent-1.15.11.jar)
WARNING: If a serviceability tool is in use, please run with -XX:+EnableDynamicAgentLoading to hide this warning
WARNING: If a serviceability tool is not in use, please run with -Djdk.instrument.traceUsage for more information
WARNING: Dynamic loading of agents will be disallowed by default in a future release
]]></system-err>
  </testcase>
</testsuite>